10:14:44 INFO  : Registering command handlers for SDK TCF services
10:14:45 INFO  : Launching XSCT server: xsct -n -interactive /home/beny/Desktop/universite/session5/INF3610/labs/project_2/project_2.sdk/temp_xsdb_launch_script.tcl
10:14:47 INFO  : XSCT server has started successfully.
10:14:47 INFO  : Successfully done setting XSCT server connection channel  
10:14:48 INFO  : Successfully done setting SDK workspace  
10:14:48 INFO  : Processing command line option -hwspec /home/beny/Desktop/universite/session5/INF3610/labs/project_2/project_2.sdk/design_1_wrapper.hdf.
10:21:35 INFO  : Saving repository preferences.
10:21:35 INFO  : Reading in cores from global repositories: 
		 /home/beny/ucos_v1_44/ucos
		 /home/beny/ucos_v1_44
10:21:35 INFO  : Cleaning BSP projects in the workspace.
10:21:37 INFO  : Saving repository preferences.
10:28:06 INFO  : Connected to target on host '127.0.0.1' and port '3121'.
10:28:06 INFO  : Jtag cable 'Xilinx HW-FTDI-TEST FT2232H 1234-tulA' is selected.
10:28:06 INFO  : 'jtag frequency' command is executed.
10:28:06 INFO  : Sourcing of '/home/beny/Desktop/universite/session5/INF3610/labs/project_2/project_2.sdk/design_1_wrapper_hw_platform_0/ps7_init.tcl' is done.
10:28:06 INFO  : Context for 'APU' is selected.
10:28:06 INFO  : System reset is completed.
10:28:09 INFO  : 'after 3000' command is executed.
10:28:09 INFO  : 'targets -set -filter {jtag_cable_name =~ "Xilinx HW-FTDI-TEST FT2232H 1234-tulA" && level==0} -index 1' command is executed.
10:28:11 INFO  : FPGA configured successfully with bitstream "/home/beny/Desktop/universite/session5/INF3610/labs/project_2/project_2.sdk/design_1_wrapper_hw_platform_0/design_1_wrapper.bit"
10:28:11 INFO  : Context for 'APU' is selected.
10:28:11 INFO  : Hardware design information is loaded from '/home/beny/Desktop/universite/session5/INF3610/labs/project_2/project_2.sdk/design_1_wrapper_hw_platform_0/system.hdf'.
10:28:11 INFO  : 'configparams force-mem-access 1' command is executed.
10:28:12 INFO  : Context for 'APU' is selected.
10:28:12 INFO  : 'ps7_init' command is executed.
10:28:12 INFO  : 'ps7_post_config' command is executed.
10:28:12 INFO  : Context for processor 'ps7_cortexa9_0' is selected.
10:28:12 INFO  : The application '/home/beny/Desktop/universite/session5/INF3610/labs/project_2/project_2.sdk/lab1_part2/Debug/lab1_part2.elf' is downloaded to processor 'ps7_cortexa9_0'.
10:28:12 INFO  : 'configparams force-mem-access 0' command is executed.
10:28:12 INFO  : ----------------XSDB Script----------------
connect -url tcp:127.0.0.1:3121
source /home/beny/Desktop/universite/session5/INF3610/labs/project_2/project_2.sdk/design_1_wrapper_hw_platform_0/ps7_init.tcl
targets -set -nocase -filter {name =~"APU*" && jtag_cable_name =~ "Xilinx HW-FTDI-TEST FT2232H 1234-tulA"} -index 0
rst -system
after 3000
targets -set -filter {jtag_cable_name =~ "Xilinx HW-FTDI-TEST FT2232H 1234-tulA" && level==0} -index 1
fpga -file /home/beny/Desktop/universite/session5/INF3610/labs/project_2/project_2.sdk/design_1_wrapper_hw_platform_0/design_1_wrapper.bit
targets -set -nocase -filter {name =~"APU*" && jtag_cable_name =~ "Xilinx HW-FTDI-TEST FT2232H 1234-tulA"} -index 0
loadhw -hw /home/beny/Desktop/universite/session5/INF3610/labs/project_2/project_2.sdk/design_1_wrapper_hw_platform_0/system.hdf -mem-ranges [list {0x40000000 0xbfffffff}]
configparams force-mem-access 1
targets -set -nocase -filter {name =~"APU*" && jtag_cable_name =~ "Xilinx HW-FTDI-TEST FT2232H 1234-tulA"} -index 0
ps7_init
ps7_post_config
targets -set -nocase -filter {name =~ "ARM*#0" && jtag_cable_name =~ "Xilinx HW-FTDI-TEST FT2232H 1234-tulA"} -index 0
dow /home/beny/Desktop/universite/session5/INF3610/labs/project_2/project_2.sdk/lab1_part2/Debug/lab1_part2.elf
configparams force-mem-access 0
----------------End of Script----------------

10:28:12 INFO  : Memory regions updated for context APU
10:28:12 INFO  : Launch script is exported to file '/home/beny/Desktop/universite/session5/INF3610/labs/project_2/project_2.sdk/.sdk/launch_scripts/xilinx_c-c++_application_(system_debugger)/system_debugger_using_debug_lab1_part2.elf_on_local.tcl'
10:29:20 INFO  : Disconnected from the channel tcfchan#1.
10:29:21 INFO  : Connected to target on host '127.0.0.1' and port '3121'.
10:29:21 INFO  : Jtag cable 'Xilinx HW-FTDI-TEST FT2232H 1234-tulA' is selected.
10:29:21 INFO  : 'jtag frequency' command is executed.
10:29:21 INFO  : Sourcing of '/home/beny/Desktop/universite/session5/INF3610/labs/project_2/project_2.sdk/design_1_wrapper_hw_platform_0/ps7_init.tcl' is done.
10:29:21 INFO  : Context for 'APU' is selected.
10:29:21 INFO  : System reset is completed.
10:29:24 INFO  : 'after 3000' command is executed.
10:29:24 INFO  : 'targets -set -filter {jtag_cable_name =~ "Xilinx HW-FTDI-TEST FT2232H 1234-tulA" && level==0} -index 1' command is executed.
10:29:26 INFO  : FPGA configured successfully with bitstream "/home/beny/Desktop/universite/session5/INF3610/labs/project_2/project_2.sdk/design_1_wrapper_hw_platform_0/design_1_wrapper.bit"
10:29:26 INFO  : Context for 'APU' is selected.
10:29:28 INFO  : Hardware design information is loaded from '/home/beny/Desktop/universite/session5/INF3610/labs/project_2/project_2.sdk/design_1_wrapper_hw_platform_0/system.hdf'.
10:29:28 INFO  : 'configparams force-mem-access 1' command is executed.
10:29:28 INFO  : Context for 'APU' is selected.
10:29:28 INFO  : 'ps7_init' command is executed.
10:29:28 INFO  : 'ps7_post_config' command is executed.
10:29:28 INFO  : Context for processor 'ps7_cortexa9_0' is selected.
10:29:28 INFO  : The application '/home/beny/Desktop/universite/session5/INF3610/labs/project_2/project_2.sdk/lab1_part2/Debug/lab1_part2.elf' is downloaded to processor 'ps7_cortexa9_0'.
10:29:28 INFO  : 'configparams force-mem-access 0' command is executed.
10:29:28 INFO  : ----------------XSDB Script----------------
connect -url tcp:127.0.0.1:3121
source /home/beny/Desktop/universite/session5/INF3610/labs/project_2/project_2.sdk/design_1_wrapper_hw_platform_0/ps7_init.tcl
targets -set -nocase -filter {name =~"APU*" && jtag_cable_name =~ "Xilinx HW-FTDI-TEST FT2232H 1234-tulA"} -index 0
rst -system
after 3000
targets -set -filter {jtag_cable_name =~ "Xilinx HW-FTDI-TEST FT2232H 1234-tulA" && level==0} -index 1
fpga -file /home/beny/Desktop/universite/session5/INF3610/labs/project_2/project_2.sdk/design_1_wrapper_hw_platform_0/design_1_wrapper.bit
targets -set -nocase -filter {name =~"APU*" && jtag_cable_name =~ "Xilinx HW-FTDI-TEST FT2232H 1234-tulA"} -index 0
loadhw -hw /home/beny/Desktop/universite/session5/INF3610/labs/project_2/project_2.sdk/design_1_wrapper_hw_platform_0/system.hdf -mem-ranges [list {0x40000000 0xbfffffff}]
configparams force-mem-access 1
targets -set -nocase -filter {name =~"APU*" && jtag_cable_name =~ "Xilinx HW-FTDI-TEST FT2232H 1234-tulA"} -index 0
ps7_init
ps7_post_config
targets -set -nocase -filter {name =~ "ARM*#0" && jtag_cable_name =~ "Xilinx HW-FTDI-TEST FT2232H 1234-tulA"} -index 0
dow /home/beny/Desktop/universite/session5/INF3610/labs/project_2/project_2.sdk/lab1_part2/Debug/lab1_part2.elf
configparams force-mem-access 0
----------------End of Script----------------

10:29:28 INFO  : Memory regions updated for context APU
10:29:28 INFO  : Launch script is exported to file '/home/beny/Desktop/universite/session5/INF3610/labs/project_2/project_2.sdk/.sdk/launch_scripts/xilinx_c-c++_application_(system_debugger)/system_debugger_using_debug_lab1_part2.elf_on_local.tcl'
11:07:43 INFO  : Disconnected from the channel tcfchan#2.
11:17:03 INFO  : Saving repository preferences.
11:30:00 INFO  : Refreshed build settings on project lab1_part2
11:31:47 INFO  : No changes in MSS file content so not generating sources.
11:32:22 INFO  : No changes in MSS file content so not generating sources.
11:40:42 INFO  : Registering command handlers for SDK TCF services
11:40:43 INFO  : Launching XSCT server: xsct -n -interactive /home/beny/Desktop/universite/session5/INF3610/labs/project_2/project_2.sdk/temp_xsdb_launch_script.tcl
11:40:45 INFO  : XSCT server has started successfully.
11:40:45 INFO  : Successfully done setting XSCT server connection channel  
11:40:45 INFO  : Successfully done setting SDK workspace  
11:40:45 INFO  : Restoring global repository preferences: 
		 /home/beny/ucos_v1_44/ucos
		 /home/beny/ucos_v1_44
11:44:25 INFO  : No changes in MSS file content so not generating sources.
11:45:12 INFO  : 'targets -set -filter {jtag_cable_name =~ "Xilinx HW-FTDI-TEST FT2232H 1234-tulA" && level==0} -index 1' command is executed.
11:45:12 INFO  : 'fpga -state' command is executed.
11:45:12 INFO  : Connected to target on host '127.0.0.1' and port '3121'.
11:45:12 INFO  : Jtag cable 'Xilinx HW-FTDI-TEST FT2232H 1234-tulA' is selected.
11:45:12 INFO  : 'jtag frequency' command is executed.
11:45:12 INFO  : Sourcing of '/home/beny/Desktop/universite/session5/INF3610/labs/project_2/project_2.sdk/design_1_wrapper_hw_platform_0/ps7_init.tcl' is done.
11:45:12 INFO  : Context for 'APU' is selected.
11:45:13 INFO  : Hardware design information is loaded from '/home/beny/Desktop/universite/session5/INF3610/labs/project_2/project_2.sdk/design_1_wrapper_hw_platform_0/system.hdf'.
11:45:13 INFO  : 'configparams force-mem-access 1' command is executed.
11:45:13 INFO  : Context for 'APU' is selected.
11:45:13 INFO  : 'stop' command is executed.
11:45:13 INFO  : 'ps7_init' command is executed.
11:45:13 INFO  : 'ps7_post_config' command is executed.
11:45:13 INFO  : Context for processor 'ps7_cortexa9_0' is selected.
11:45:13 INFO  : Processor reset is completed for 'ps7_cortexa9_0'.
11:45:13 INFO  : Context for processor 'ps7_cortexa9_0' is selected.
11:45:13 INFO  : The application '/home/beny/Desktop/universite/session5/INF3610/labs/project_2/project_2.sdk/lab1_part2/Debug/lab1_part2.elf' is downloaded to processor 'ps7_cortexa9_0'.
11:45:13 INFO  : 'configparams force-mem-access 0' command is executed.
11:45:13 INFO  : ----------------XSDB Script----------------
connect -url tcp:127.0.0.1:3121
source /home/beny/Desktop/universite/session5/INF3610/labs/project_2/project_2.sdk/design_1_wrapper_hw_platform_0/ps7_init.tcl
targets -set -nocase -filter {name =~"APU*" && jtag_cable_name =~ "Xilinx HW-FTDI-TEST FT2232H 1234-tulA"} -index 0
loadhw -hw /home/beny/Desktop/universite/session5/INF3610/labs/project_2/project_2.sdk/design_1_wrapper_hw_platform_0/system.hdf -mem-ranges [list {0x40000000 0xbfffffff}]
configparams force-mem-access 1
targets -set -nocase -filter {name =~"APU*" && jtag_cable_name =~ "Xilinx HW-FTDI-TEST FT2232H 1234-tulA"} -index 0
stop
ps7_init
ps7_post_config
targets -set -nocase -filter {name =~ "ARM*#0" && jtag_cable_name =~ "Xilinx HW-FTDI-TEST FT2232H 1234-tulA"} -index 0
rst -processor
targets -set -nocase -filter {name =~ "ARM*#0" && jtag_cable_name =~ "Xilinx HW-FTDI-TEST FT2232H 1234-tulA"} -index 0
dow /home/beny/Desktop/universite/session5/INF3610/labs/project_2/project_2.sdk/lab1_part2/Debug/lab1_part2.elf
configparams force-mem-access 0
----------------End of Script----------------

11:45:13 INFO  : Memory regions updated for context APU
11:45:13 INFO  : Context for processor 'ps7_cortexa9_0' is selected.
11:45:13 INFO  : 'con' command is executed.
11:45:13 INFO  : ----------------XSDB Script (After Launch)----------------
targets -set -nocase -filter {name =~ "ARM*#0" && jtag_cable_name =~ "Xilinx HW-FTDI-TEST FT2232H 1234-tulA"} -index 0
con
----------------End of Script----------------

11:45:13 INFO  : Launch script is exported to file '/home/beny/Desktop/universite/session5/INF3610/labs/project_2/project_2.sdk/.sdk/launch_scripts/xilinx_c-c++_application_(system_debugger)/system_debugger_using_debug_lab1_part2.elf_on_local.tcl'
11:45:27 INFO  : Disconnected from the channel tcfchan#1.
11:45:28 INFO  : 'targets -set -filter {jtag_cable_name =~ "Xilinx HW-FTDI-TEST FT2232H 1234-tulA" && level==0} -index 1' command is executed.
11:45:28 INFO  : 'fpga -state' command is executed.
11:45:28 INFO  : Connected to target on host '127.0.0.1' and port '3121'.
11:45:29 INFO  : Jtag cable 'Xilinx HW-FTDI-TEST FT2232H 1234-tulA' is selected.
11:45:29 INFO  : 'jtag frequency' command is executed.
11:45:29 INFO  : Sourcing of '/home/beny/Desktop/universite/session5/INF3610/labs/project_2/project_2.sdk/design_1_wrapper_hw_platform_0/ps7_init.tcl' is done.
11:45:29 INFO  : Context for 'APU' is selected.
11:45:30 INFO  : Hardware design information is loaded from '/home/beny/Desktop/universite/session5/INF3610/labs/project_2/project_2.sdk/design_1_wrapper_hw_platform_0/system.hdf'.
11:45:30 INFO  : 'configparams force-mem-access 1' command is executed.
11:45:30 INFO  : Context for 'APU' is selected.
11:45:30 INFO  : 'stop' command is executed.
11:45:30 INFO  : 'ps7_init' command is executed.
11:45:30 INFO  : 'ps7_post_config' command is executed.
11:45:30 INFO  : Context for processor 'ps7_cortexa9_0' is selected.
11:45:30 INFO  : Processor reset is completed for 'ps7_cortexa9_0'.
11:45:30 INFO  : Context for processor 'ps7_cortexa9_0' is selected.
11:45:30 INFO  : The application '/home/beny/Desktop/universite/session5/INF3610/labs/project_2/project_2.sdk/lab1_part2/Debug/lab1_part2.elf' is downloaded to processor 'ps7_cortexa9_0'.
11:45:30 INFO  : 'configparams force-mem-access 0' command is executed.
11:45:30 INFO  : ----------------XSDB Script----------------
connect -url tcp:127.0.0.1:3121
source /home/beny/Desktop/universite/session5/INF3610/labs/project_2/project_2.sdk/design_1_wrapper_hw_platform_0/ps7_init.tcl
targets -set -nocase -filter {name =~"APU*" && jtag_cable_name =~ "Xilinx HW-FTDI-TEST FT2232H 1234-tulA"} -index 0
loadhw -hw /home/beny/Desktop/universite/session5/INF3610/labs/project_2/project_2.sdk/design_1_wrapper_hw_platform_0/system.hdf -mem-ranges [list {0x40000000 0xbfffffff}]
configparams force-mem-access 1
targets -set -nocase -filter {name =~"APU*" && jtag_cable_name =~ "Xilinx HW-FTDI-TEST FT2232H 1234-tulA"} -index 0
stop
ps7_init
ps7_post_config
targets -set -nocase -filter {name =~ "ARM*#0" && jtag_cable_name =~ "Xilinx HW-FTDI-TEST FT2232H 1234-tulA"} -index 0
rst -processor
targets -set -nocase -filter {name =~ "ARM*#0" && jtag_cable_name =~ "Xilinx HW-FTDI-TEST FT2232H 1234-tulA"} -index 0
dow /home/beny/Desktop/universite/session5/INF3610/labs/project_2/project_2.sdk/lab1_part2/Debug/lab1_part2.elf
configparams force-mem-access 0
----------------End of Script----------------

11:45:30 INFO  : Memory regions updated for context APU
11:45:30 INFO  : Context for processor 'ps7_cortexa9_0' is selected.
11:45:30 INFO  : 'con' command is executed.
11:45:30 INFO  : ----------------XSDB Script (After Launch)----------------
targets -set -nocase -filter {name =~ "ARM*#0" && jtag_cable_name =~ "Xilinx HW-FTDI-TEST FT2232H 1234-tulA"} -index 0
con
----------------End of Script----------------

11:45:30 INFO  : Launch script is exported to file '/home/beny/Desktop/universite/session5/INF3610/labs/project_2/project_2.sdk/.sdk/launch_scripts/xilinx_c-c++_application_(system_debugger)/system_debugger_using_debug_lab1_part2.elf_on_local.tcl'
11:46:15 INFO  : Disconnected from the channel tcfchan#2.
